<?xml version="1.0" encoding="UTF-8"?>
<!-- Generated by org.testng.reporters.JUnitXMLReporter -->
<testsuite hostname="DESKTOP-MF3J2E8" ignored="0" name="Test" tests="5" failures="0" timestamp="2020-05-28T17:58:11 IST" time="119.549" errors="0">
  <testcase name="login" time="5.095" classname="com.scripts.MavenActiTIME.TESTActitime"/>
  <testcase name="createCustomer" time="21.199" classname="com.scripts.MavenActiTIME.TESTActitime"/>
  <testcase name="deleteCustomer" time="28.675" classname="com.scripts.MavenActiTIME.TESTActitime"/>
  <testcase name="createWork" time="27.117" classname="com.scripts.MavenActiTIME.TESTActitime"/>
  <testcase name="deleteWork" time="5.183" classname="com.scripts.MavenActiTIME.TESTActitime"/>
</testsuite> <!-- Test -->
