<?xml version="1.0" encoding="UTF-8"?>
<testng-results skipped="0" failed="0" ignored="0" total="5" passed="5">
  <reporter-output>
  </reporter-output>
  <suite name="Suite" duration-ms="119549" started-at="2020-05-28T17:56:11 IST" finished-at="2020-05-28T17:58:11 IST">
    <groups>
    </groups>
    <test name="Test" duration-ms="119549" started-at="2020-05-28T17:56:11 IST" finished-at="2020-05-28T17:58:11 IST">
      <class name="com.scripts.MavenActiTIME.TESTActitime">
        <test-method status="PASS" signature="openBrowser()[pri:0, instance:com.scripts.MavenActiTIME.TESTActitime@23a5fd2]" name="openBrowser" is-config="true" duration-ms="32231" started-at="2020-05-28T17:56:11 IST" finished-at="2020-05-28T17:56:44 IST">
          <reporter-output>
          </reporter-output>
        </test-method> <!-- openBrowser -->
        <test-method status="PASS" signature="login()[pri:1, instance:com.scripts.MavenActiTIME.TESTActitime@23a5fd2]" name="login" duration-ms="5095" started-at="2020-05-28T17:56:44 IST" finished-at="2020-05-28T17:56:49 IST">
          <reporter-output>
          </reporter-output>
        </test-method> <!-- login -->
        <test-method status="PASS" signature="createCustomer()[pri:2, instance:com.scripts.MavenActiTIME.TESTActitime@23a5fd2]" name="createCustomer" duration-ms="21199" started-at="2020-05-28T17:56:49 IST" finished-at="2020-05-28T17:57:10 IST">
          <reporter-output>
          </reporter-output>
        </test-method> <!-- createCustomer -->
        <test-method status="PASS" signature="deleteCustomer()[pri:3, instance:com.scripts.MavenActiTIME.TESTActitime@23a5fd2]" name="deleteCustomer" duration-ms="28675" started-at="2020-05-28T17:57:10 IST" finished-at="2020-05-28T17:57:39 IST">
          <reporter-output>
          </reporter-output>
        </test-method> <!-- deleteCustomer -->
        <test-method status="PASS" signature="createWork()[pri:4, instance:com.scripts.MavenActiTIME.TESTActitime@23a5fd2]" name="createWork" duration-ms="27117" started-at="2020-05-28T17:57:39 IST" finished-at="2020-05-28T17:58:06 IST">
          <reporter-output>
          </reporter-output>
        </test-method> <!-- createWork -->
        <test-method status="PASS" signature="deleteWork()[pri:5, instance:com.scripts.MavenActiTIME.TESTActitime@23a5fd2]" name="deleteWork" duration-ms="5183" started-at="2020-05-28T17:58:06 IST" finished-at="2020-05-28T17:58:11 IST">
          <reporter-output>
          </reporter-output>
        </test-method> <!-- deleteWork -->
      </class> <!-- com.scripts.MavenActiTIME.TESTActitime -->
    </test> <!-- Test -->
  </suite> <!-- Suite -->
</testng-results>
